<?xml version="1.0" encoding="UTF-8"?>
<!-- Generated by org.testng.reporters.JUnitReportReporter -->
<testsuite skipped="0" hostname="lavleshHPLaptop" name="rahulshettyacademy.tests.ErrorValidationsTest" tests="2" failures="0" timestamp="20 Nov 2022 13:52:30 GMT" time="7.990" errors="0">
  <testcase name="LoginErrorValidation" time="2.627" classname="rahulshettyacademy.tests.ErrorValidationsTest"/>
  <testcase name="ProductErrorValidation" time="5.363" classname="rahulshettyacademy.tests.ErrorValidationsTest"/>
</testsuite> <!-- rahulshettyacademy.tests.ErrorValidationsTest -->
