<?xml version="1.0" encoding="UTF-8"?>
<!-- Generated by org.testng.reporters.JUnitReportReporter -->
<testsuite skipped="0" hostname="lavleshHPLaptop" name="cucumber.TestNGTestRunner" tests="1" failures="0" timestamp="20 Nov 2022 13:52:30 GMT" time="6.599" errors="0">
  <testcase name="runScenario" time="6.599" classname="cucumber.TestNGTestRunner"/>
</testsuite> <!-- cucumber.TestNGTestRunner -->
