<?xml version="1.0" encoding="UTF-8"?>
<!-- Generated by org.testng.reporters.JUnitReportReporter -->
<testsuite hostname="LAPTOP-F1RJBVSC" failures="0" tests="4" name="files.DynamicJson" time="3.536" errors="0" timestamp="2021-11-13T23:03:04 IST" skipped="0">
  <testcase classname="files.DynamicJson" name="addBook" time="0.214"/>
  <system-out/>
  <testcase classname="files.DynamicJson" name="addBook" time="0.268"/>
  <system-out/>
  <testcase classname="files.DynamicJson" name="addBook" time="2.759"/>
  <system-out/>
  <testcase classname="files.DynamicJson" name="addBook" time="0.295"/>
  <system-out/>
</testsuite> <!-- files.DynamicJson -->
